Sender: LSF System <lsfadmin@lh06c28>
Subject: Job 127027935: <step6_63> in cluster <chimera> Done

Job <step6_63> was submitted from host <lc02a30.chimera.hpc.mssm.edu> by user <palafm01> in cluster <chimera> at Tue May 21 22:29:30 2024
Job was executed on host(s) <4*lh06c28>, in queue <premium>, as user <palafm01> in cluster <chimera> at Tue May 21 22:29:50 2024
</hpc/users/palafm01> was used as the home directory.
</sc/arion/projects/vascbrain/WGS_iPSC/scripts/STEP6> was used as the working directory.
Started at Tue May 21 22:29:50 2024
Terminated at Wed May 22 14:26:00 2024
Results reported at Wed May 22 14:26:00 2024

Your job looked like:

------------------------------------------------------------
# LSBATCH: User input
#!/bin/bash
#BSUB -J step6_63
#BSUB -P acc_vascbrain
#BSUB -q premium
#BSUB -n 4
#BSUB -W 48:00
#BSUB -R rusage[mem=64000]
#BSUB -R span[hosts=1]
#BSUB -oo %J.stdout
#BSUB -eo %J.stderr
#BSUB -L /bin/bash


module load gatk

ref="/sc/arion/projects/vascbrain/WGS_iPSC/hg38_bundle_wget/Homo_sapiens_assembly38.fasta"
aligned_reads="/sc/arion/projects/vascbrain/WGS_iPSC/aligned_reads"
results="/sc/arion/projects/vascbrain/WGS_iPSC/results"

echo "STEP 6: Call Variants - gatk haplotype caller --CAD63"

gatk HaplotypeCaller -R ${ref} -I ${aligned_reads}/P931263_sorted_dedup_bqsr_reads.bam -O ${results}/raw_variants_CAD63.vcf

echo "done calling CAD63 variants"

gatk SelectVariants -R ${ref} -V ${results}/raw_variants_CAD63.vcf --select-type SNP -O ${results}/raw_snps_CAD63.vcf

gatk SelectVariants -R ${ref} -V ${results}/raw_variants_CAD63.vcf --select-type INDEL -O ${results}/raw_indels_CAD63.vcf

echo "done selecting SNPs and INDELs for CAD63"


------------------------------------------------------------

Successfully completed.

Resource usage summary:

    CPU time :                                   121349.16 sec.
    Max Memory :                                 2604 MB
    Average Memory :                             2264.28 MB
    Total Requested Memory :                     256000.00 MB
    Delta Memory :                               253396.00 MB
    Max Swap :                                   2 MB
    Max Processes :                              5
    Max Threads :                                18
    Run time :                                   57369 sec.
    Turnaround time :                            57390 sec.

The output (if any) follows:

STEP 6: Call Variants - gatk haplotype caller --CAD63
done calling CAD63 variants
done selecting SNPs and INDELs for CAD63


PS:

Read file <127027935.stderr> for stderr output of this job.

