Sender: LSF System <lsfadmin@lh06c25>
Subject: Job 127027942: <step6_12> in cluster <chimera> Done

Job <step6_12> was submitted from host <lc02a30.chimera.hpc.mssm.edu> by user <palafm01> in cluster <chimera> at Tue May 21 22:29:41 2024
Job was executed on host(s) <4*lh06c25>, in queue <premium>, as user <palafm01> in cluster <chimera> at Tue May 21 22:30:04 2024
</hpc/users/palafm01> was used as the home directory.
</sc/arion/projects/vascbrain/WGS_iPSC/scripts/STEP6> was used as the working directory.
Started at Tue May 21 22:30:04 2024
Terminated at Wed May 22 15:09:36 2024
Results reported at Wed May 22 15:09:36 2024

Your job looked like:

------------------------------------------------------------
# LSBATCH: User input
#!/bin/bash
#BSUB -J step6_12
#BSUB -P acc_vascbrain
#BSUB -q premium
#BSUB -n 4
#BSUB -W 48:00
#BSUB -R rusage[mem=64000]
#BSUB -R span[hosts=1]
#BSUB -oo %J.stdout
#BSUB -eo %J.stderr
#BSUB -L /bin/bash


module load gatk

ref="/sc/arion/projects/vascbrain/WGS_iPSC/hg38_bundle_wget/Homo_sapiens_assembly38.fasta"
aligned_reads="/sc/arion/projects/vascbrain/WGS_iPSC/aligned_reads"
results="/sc/arion/projects/vascbrain/WGS_iPSC/results"

echo "STEP 6: Call Variants - gatk haplotype caller --CAD12"

gatk HaplotypeCaller -R ${ref} -I ${aligned_reads}/P732912_sorted_dedup_bqsr_reads.bam -O ${results}/raw_variants_CAD12.vcf

echo "done calling CAD12 variants"

gatk SelectVariants -R ${ref} -V ${results}/raw_variants_CAD12.vcf --select-type SNP -O ${results}/raw_snps_CAD12.vcf

gatk SelectVariants -R ${ref} -V ${results}/raw_variants_CAD12.vcf --select-type INDEL -O ${results}/raw_indels_CAD12.vcf

echo "done selecting SNPs and INDELs for CAD12"


------------------------------------------------------------

Successfully completed.

Resource usage summary:

    CPU time :                                   134205.16 sec.
    Max Memory :                                 2599 MB
    Average Memory :                             2277.19 MB
    Total Requested Memory :                     256000.00 MB
    Delta Memory :                               253401.00 MB
    Max Swap :                                   2 MB
    Max Processes :                              5
    Max Threads :                                18
    Run time :                                   59972 sec.
    Turnaround time :                            59995 sec.

The output (if any) follows:

STEP 6: Call Variants - gatk haplotype caller --CAD12
done calling CAD12 variants
done selecting SNPs and INDELs for CAD12


PS:

Read file <127027942.stderr> for stderr output of this job.

